This is pdfTeX, Version 3.14159265-2.6-1.40.17 (TeX Live 2016/W32TeX) (preloaded format=pdflatex 2017.3.3)  28 APR 2017 20:14
entering extended mode
 restricted \write18 enabled.
 %&-line parsing enabled.
**./tunebook.tex
(./tunebook.tex
LaTeX2e <2017/01/01> patch level 3
Babel <3.9r> and hyphenation patterns for 83 language(s) loaded.
(c:/texlive/2016/texmf-dist/tex/latex/base/report.cls
Document Class: report 2014/09/29 v1.4h Standard LaTeX document class
(c:/texlive/2016/texmf-dist/tex/latex/base/size10.clo
File: size10.clo 2014/09/29 v1.4h Standard LaTeX file (size option)
)
\c@part=\count79
\c@chapter=\count80
\c@section=\count81
\c@subsection=\count82
\c@subsubsection=\count83
\c@paragraph=\count84
\c@subparagraph=\count85
\c@figure=\count86
\c@table=\count87
\abovecaptionskip=\skip41
\belowcaptionskip=\skip42
\bibindent=\dimen102
)
(c:/texlive/2016/texmf-dist/tex/latex/graphics/graphicx.sty
Package: graphicx 2014/10/28 v1.0g Enhanced LaTeX Graphics (DPC,SPQR)

(c:/texlive/2016/texmf-dist/tex/latex/graphics/keyval.sty
Package: keyval 2014/10/28 v1.15 key=value parser (DPC)
\KV@toks@=\toks14
)
(c:/texlive/2016/texmf-dist/tex/latex/graphics/graphics.sty
Package: graphics 2016/10/09 v1.0u Standard LaTeX Graphics (DPC,SPQR)

(c:/texlive/2016/texmf-dist/tex/latex/graphics/trig.sty
Package: trig 2016/01/03 v1.10 sin cos tan (DPC)
)
(c:/texlive/2016/texmf-dist/tex/latex/graphics-cfg/graphics.cfg
File: graphics.cfg 2016/06/04 v1.11 sample graphics configuration
)
Package graphics Info: Driver file: pdftex.def on input line 99.

(c:/texlive/2016/texmf-dist/tex/latex/graphics-def/pdftex.def
File: pdftex.def 2017/01/12 v0.06k Graphics/color for pdfTeX

(c:/texlive/2016/texmf-dist/tex/generic/oberdiek/infwarerr.sty
Package: infwarerr 2016/05/16 v1.4 Providing info/warning/error messages (HO)
)
(c:/texlive/2016/texmf-dist/tex/generic/oberdiek/ltxcmds.sty
Package: ltxcmds 2016/05/16 v1.23 LaTeX kernel commands for general use (HO)
)
\Gread@gobject=\count88
))
\Gin@req@height=\dimen103
\Gin@req@width=\dimen104
)
(./unnumberedtotoc.sty
Package: unnumberedtotoc 2016/10/30 v.03 unnumbered chapters and sections to to
c

(c:/texlive/2016/texmf-dist/tex/latex/etoolbox/etoolbox.sty
Package: etoolbox 2017/01/02 v2.4 e-TeX tools for LaTeX (JAW)
\etb@tempcnta=\count89
)

Package unnumberedtotoc Warning: 
 adding some features also provided by KOMA-script classes.
 Consider switching, as there are much more features with KOMA.
 Found at: https://github.com/johannesbottcher/unnumberedtotoc.

(c:/texlive/2016/texmf-dist/tex/latex/l3packages/xparse/xparse.sty
(c:/texlive/2016/texmf-dist/tex/latex/l3kernel/expl3.sty
Package: expl3 2017/02/10 v6878 L3 programming layer (loader) 

(c:/texlive/2016/texmf-dist/tex/latex/l3kernel/expl3-code.tex
Package: expl3 2017/02/10 v6878 L3 programming layer (code)
L3 Module: l3bootstrap 2016/12/28 v6805 L3 Bootstrap code
L3 Module: l3names 2016/12/28 v6805 L3 Namespace for primitives
L3 Module: l3basics 2016/12/28 v6805 L3 Basic definitions
L3 Module: l3expan 2016/12/28 v6805 L3 Argument expansion
L3 Module: l3tl 2017/02/06 v6842 L3 Token lists
L3 Module: l3str 2017/01/01 v6809 L3 Strings
L3 Module: l3seq 2017/02/06 v6842 L3 Sequences and stacks
L3 Module: l3int 2016/12/28 v6805 L3 Integers
\c_max_int=\count90
\l_tmpa_int=\count91
\l_tmpb_int=\count92
\g_tmpa_int=\count93
\g_tmpb_int=\count94
L3 Module: l3quark 2016/12/28 v6805 L3 Quarks
L3 Module: l3prg 2017/01/01 v6811 L3 Control structures
\g__prg_map_int=\count95
L3 Module: l3clist 2017/02/06 v6842 L3 Comma separated lists
L3 Module: l3token 2016/12/28 v6805 L3 Experimental token manipulation
L3 Module: l3prop 2016/12/28 v6805 L3 Property lists
L3 Module: l3msg 2016/12/28 v6805 L3 Messages
L3 Module: l3file 2016/12/28 v6805 L3 File and I/O operations
\l_iow_line_count_int=\count96
\l__iow_target_count_int=\count97
\l__iow_current_line_int=\count98
\l__iow_current_word_int=\count99
\l__iow_current_indentation_int=\count100
L3 Module: l3skip 2017/01/01 v6809 L3 Dimensions and skips
\c_zero_dim=\dimen105
\c_max_dim=\dimen106
\l_tmpa_dim=\dimen107
\l_tmpb_dim=\dimen108
\g_tmpa_dim=\dimen109
\g_tmpb_dim=\dimen110
\c_zero_skip=\skip43
\c_max_skip=\skip44
\l_tmpa_skip=\skip45
\l_tmpb_skip=\skip46
\g_tmpa_skip=\skip47
\g_tmpb_skip=\skip48
\c_zero_muskip=\muskip10
\c_max_muskip=\muskip11
\l_tmpa_muskip=\muskip12
\l_tmpb_muskip=\muskip13
\g_tmpa_muskip=\muskip14
\g_tmpb_muskip=\muskip15
L3 Module: l3keys 2017/01/01 v6811 L3 Key-value interfaces
\l_keys_choice_int=\count101
L3 Module: l3fp 2016/12/28 v6805 L3 Floating points
\c__fp_leading_shift_int=\count102
\c__fp_middle_shift_int=\count103
\c__fp_trailing_shift_int=\count104
\c__fp_big_leading_shift_int=\count105
\c__fp_big_middle_shift_int=\count106
\c__fp_big_trailing_shift_int=\count107
\c__fp_Bigg_leading_shift_int=\count108
\c__fp_Bigg_middle_shift_int=\count109
\c__fp_Bigg_trailing_shift_int=\count110
\c__fp_rand_size_int=\count111
\c__fp_rand_four_int=\count112
\c__fp_rand_eight_int=\count113
L3 Module: l3sort 2017/02/07 v6847 L3 Sorting functions
\l__sort_length_int=\count114
\l__sort_min_int=\count115
\l__sort_top_int=\count116
\l__sort_max_int=\count117
\l__sort_true_max_int=\count118
\l__sort_block_int=\count119
\l__sort_begin_int=\count120
\l__sort_end_int=\count121
\l__sort_A_int=\count122
\l__sort_B_int=\count123
\l__sort_C_int=\count124
L3 Module: l3box 2016/12/28 v6805 L3 Experimental boxes
\c_empty_box=\box26
\l_tmpa_box=\box27
\l_tmpb_box=\box28
\g_tmpa_box=\box29
\g_tmpb_box=\box30
L3 Module: l3coffins 2016/12/28 v6805 L3 Coffin code layer
\l__coffin_internal_box=\box31
\l__coffin_internal_dim=\dimen111
\l__coffin_offset_x_dim=\dimen112
\l__coffin_offset_y_dim=\dimen113
\l__coffin_x_dim=\dimen114
\l__coffin_y_dim=\dimen115
\l__coffin_x_prime_dim=\dimen116
\l__coffin_y_prime_dim=\dimen117
\c_empty_coffin=\box32
\l__coffin_aligned_coffin=\box33
\l__coffin_aligned_internal_coffin=\box34
\l_tmpa_coffin=\box35
\l_tmpb_coffin=\box36
\l__coffin_display_coffin=\box37
\l__coffin_display_coord_coffin=\box38
\l__coffin_display_pole_coffin=\box39
\l__coffin_display_offset_dim=\dimen118
\l__coffin_display_x_dim=\dimen119
\l__coffin_display_y_dim=\dimen120
L3 Module: l3color 2016/12/28 v6805 L3 Experimental color support
L3 Module: l3sys 2017/01/01 v6811 L3 Experimental system/runtime functions
L3 Module: l3candidates 2017/01/30 v6835 L3 Experimental additions to l3kernel
\l__box_top_dim=\dimen121
\l__box_bottom_dim=\dimen122
\l__box_left_dim=\dimen123
\l__box_right_dim=\dimen124
\l__box_top_new_dim=\dimen125
\l__box_bottom_new_dim=\dimen126
\l__box_left_new_dim=\dimen127
\l__box_right_new_dim=\dimen128
\l__box_internal_box=\box40
\l__coffin_bounding_shift_dim=\dimen129
\l__coffin_left_corner_dim=\dimen130
\l__coffin_right_corner_dim=\dimen131
\l__coffin_bottom_corner_dim=\dimen132
\l__coffin_top_corner_dim=\dimen133
\l__coffin_scaled_total_height_dim=\dimen134
\l__coffin_scaled_width_dim=\dimen135
L3 Module: l3luatex 2016/12/28 v6805 L3 Experimental LuaTeX-specific functions
)
(c:/texlive/2016/texmf-dist/tex/latex/l3kernel/l3pdfmode.def
File: l3pdfmode.def 2016/12/28 v6805 L3 Experimental driver: PDF mode
\l__driver_color_stack_int=\count125
\l__driver_tmp_box=\box41
))
Package: xparse 2017/02/10 v6878 L3 Experimental document command parser
\l__xparse_current_arg_int=\count126
\g__xparse_grabber_int=\count127
\l__xparse_m_args_int=\count128
\l__xparse_mandatory_args_int=\count129
\l__xparse_v_nesting_int=\count130
)
.................................................
. LaTeX info: "xparse/define-command"
. 
. Defining command \addxcontentsline with sig. ' m m m ' on line 67.
.................................................
.................................................
. LaTeX info: "xparse/define-command"
. 
. Defining command \addparttocentry with sig. ' m ' on line 71.
.................................................
.................................................
. LaTeX info: "xparse/define-command"
. 
. Defining command \addchaptertocentry with sig. ' m ' on line 74.
.................................................
.................................................
. LaTeX info: "xparse/define-command"
. 
. Defining command \addsectiontocentry with sig. ' m ' on line 77.
.................................................
.................................................
. LaTeX info: "xparse/define-command"
. 
. Defining command \addpart with sig. ' s o m ' on line 91.
.................................................
.................................................
. LaTeX info: "xparse/define-command"
. 
. Defining command \addchap with sig. ' s o m ' on line 105.
.................................................
.................................................
. LaTeX info: "xparse/define-command"
. 
. Defining command \addsec with sig. ' s o m ' on line 120.
.................................................
)
(c:/texlive/2016/texmf-dist/tex/latex/titlesec/titlesec.sty
Package: titlesec 2016/03/21 v2.10.2 Sectioning titles
\ttl@box=\box42
\beforetitleunit=\skip49
\aftertitleunit=\skip50
\ttl@plus=\dimen136
\ttl@minus=\dimen137
\ttl@toksa=\toks15
\titlewidth=\dimen138
\titlewidthlast=\dimen139
\titlewidthfirst=\dimen140
)
(c:/texlive/2016/texmf-dist/tex/generic/ulem/ulem.sty
\UL@box=\box43
\UL@hyphenbox=\box44
\UL@skip=\skip51
\UL@hook=\toks16
\UL@height=\dimen141
\UL@pe=\count131
\UL@pixel=\dimen142
\ULC@box=\box45
Package: ulem 2012/05/18
\ULdepth=\dimen143
)
(c:/texlive/2016/texmf-dist/tex/latex/geometry/geometry.sty
Package: geometry 2010/09/12 v5.6 Page Geometry

(c:/texlive/2016/texmf-dist/tex/generic/oberdiek/ifpdf.sty
Package: ifpdf 2016/05/14 v3.1 Provides the ifpdf switch
)
(c:/texlive/2016/texmf-dist/tex/generic/oberdiek/ifvtex.sty
Package: ifvtex 2016/05/16 v1.6 Detect VTeX and its facilities (HO)
Package ifvtex Info: VTeX not detected.
)
(c:/texlive/2016/texmf-dist/tex/generic/ifxetex/ifxetex.sty
Package: ifxetex 2010/09/12 v0.6 Provides ifxetex conditional
)
\Gm@cnth=\count132
\Gm@cntv=\count133
\c@Gm@tempcnt=\count134
\Gm@bindingoffset=\dimen144
\Gm@wd@mp=\dimen145
\Gm@odd@mp=\dimen146
\Gm@even@mp=\dimen147
\Gm@layoutwidth=\dimen148
\Gm@layoutheight=\dimen149
\Gm@layouthoffset=\dimen150
\Gm@layoutvoffset=\dimen151
\Gm@dimlist=\toks17
) (./tunebook.aux)
\openout1 = `tunebook.aux'.

LaTeX Font Info:    Checking defaults for OML/cmm/m/it on input line 99.
LaTeX Font Info:    ... okay on input line 99.
LaTeX Font Info:    Checking defaults for T1/cmr/m/n on input line 99.
LaTeX Font Info:    ... okay on input line 99.
LaTeX Font Info:    Checking defaults for OT1/cmr/m/n on input line 99.
LaTeX Font Info:    ... okay on input line 99.
LaTeX Font Info:    Checking defaults for OMS/cmsy/m/n on input line 99.
LaTeX Font Info:    ... okay on input line 99.
LaTeX Font Info:    Checking defaults for OMX/cmex/m/n on input line 99.
LaTeX Font Info:    ... okay on input line 99.
LaTeX Font Info:    Checking defaults for U/cmr/m/n on input line 99.
LaTeX Font Info:    ... okay on input line 99.

(c:/texlive/2016/texmf-dist/tex/context/base/mkii/supp-pdf.mkii
[Loading MPS to PDF converter (version 2006.09.02).]
\scratchcounter=\count135
\scratchdimen=\dimen152
\scratchbox=\box46
\nofMPsegments=\count136
\nofMParguments=\count137
\everyMPshowfont=\toks18
\MPscratchCnt=\count138
\MPscratchDim=\dimen153
\MPnumerator=\count139
\makeMPintoPDFobject=\count140
\everyMPtoPDFconversion=\toks19
) (c:/texlive/2016/texmf-dist/tex/generic/oberdiek/pdftexcmds.sty
Package: pdftexcmds 2016/05/21 v0.22 Utility functions of pdfTeX for LuaTeX (HO
)

(c:/texlive/2016/texmf-dist/tex/generic/oberdiek/ifluatex.sty
Package: ifluatex 2016/05/16 v1.4 Provides the ifluatex switch (HO)
Package ifluatex Info: LuaTeX not detected.
)
Package pdftexcmds Info: LuaTeX not detected.
Package pdftexcmds Info: \pdf@primitive is available.
Package pdftexcmds Info: \pdf@ifprimitive is available.
Package pdftexcmds Info: \pdfdraftmode found.
)
(c:/texlive/2016/texmf-dist/tex/latex/oberdiek/epstopdf-base.sty
Package: epstopdf-base 2016/05/15 v2.6 Base part for package epstopdf

(c:/texlive/2016/texmf-dist/tex/latex/oberdiek/grfext.sty
Package: grfext 2016/05/16 v1.2 Manage graphics extensions (HO)

(c:/texlive/2016/texmf-dist/tex/generic/oberdiek/kvdefinekeys.sty
Package: kvdefinekeys 2016/05/16 v1.4 Define keys (HO)
))
(c:/texlive/2016/texmf-dist/tex/latex/oberdiek/kvoptions.sty
Package: kvoptions 2016/05/16 v3.12 Key value format for package options (HO)

(c:/texlive/2016/texmf-dist/tex/generic/oberdiek/kvsetkeys.sty
Package: kvsetkeys 2016/05/16 v1.17 Key value parser (HO)

(c:/texlive/2016/texmf-dist/tex/generic/oberdiek/etexcmds.sty
Package: etexcmds 2016/05/16 v1.6 Avoid name clashes with e-TeX commands (HO)
Package etexcmds Info: Could not find \expanded.
(etexcmds)             That can mean that you are not using pdfTeX 1.50 or
(etexcmds)             that some package has redefined \expanded.
(etexcmds)             In the latter case, load this package earlier.
)))
Package epstopdf-base Info: Redefining graphics rule for `.eps' on input line 4
38.
Package grfext Info: Graphics extension search list:
(grfext)             [.png,.pdf,.jpg,.mps,.jpeg,.jbig2,.jb2,.PNG,.PDF,.JPG,.JPE
G,.JBIG2,.JB2,.eps]
(grfext)             \AppendGraphicsExtensions on input line 456.

(c:/texlive/2016/texmf-dist/tex/latex/latexconfig/epstopdf-sys.cfg
File: epstopdf-sys.cfg 2010/07/13 v1.3 Configuration of (r)epstopdf for TeX Liv
e
))
*geometry* driver: auto-detecting
*geometry* detected driver: pdftex
*geometry* verbose mode - [ preamble ] result:
* driver: pdftex
* paper: a5paper
* layout: <same size as paper>
* layoutoffset:(h,v)=(0.0pt,0.0pt)
* modes: 
* h-part:(L,W,R)=(28.45274pt, 364.1953pt, 28.45274pt)
* v-part:(T,H,B)=(28.45274pt, 517.84009pt, 51.21504pt)
* \paperwidth=421.10078pt
* \paperheight=597.50787pt
* \textwidth=364.1953pt
* \textheight=517.84009pt
* \oddsidemargin=-43.81725pt
* \evensidemargin=-43.81725pt
* \topmargin=-80.81725pt
* \headheight=12.0pt
* \headsep=25.0pt
* \topskip=10.0pt
* \footskip=30.0pt
* \marginparwidth=57.0pt
* \marginparsep=11.0pt
* \columnsep=10.0pt
* \skip\footins=9.0pt plus 4.0pt minus 2.0pt
* \hoffset=0.0pt
* \voffset=0.0pt
* \mag=1000
* \@twocolumnfalse
* \@twosidefalse
* \@mparswitchfalse
* \@reversemarginfalse
* (1in=72.27pt=25.4mm, 1cm=28.453pt)

(./tunebook.toc
LaTeX Font Info:    External font `cmex10' loaded for size
(Font)              <7> on input line 2.
LaTeX Font Info:    External font `cmex10' loaded for size
(Font)              <5> on input line 2.
)
\tf@toc=\write3
\openout3 = `tunebook.toc'.

 [1


{c:/texlive/2016/texmf-var/fonts/map/pdftex/updmap/pdftex.map}] <songs/"Aling B
aling".png, id=9, 540.8205pt x 108.8868pt>
File: songs/"Aling Baling".png Graphic file (type png)

<use songs/"Aling Baling".png>
Package pdftex.def Info: songs/"Aling Baling".png used on input line 428.
(pdftex.def)             Requested size: 364.1953pt x 73.32593pt.

Underfull \hbox (badness 10000) in paragraph at lines 428--428

 []

(./lyrics/Aling Baling.tex)
<songs/"Anderson's Coast".png, id=11, 541.0614pt x 271.9761pt>
File: songs/"Anderson's Coast".png Graphic file (type png)

<use songs/"Anderson's Coast".png>
Package pdftex.def Info: songs/"Anderson's Coast".png used on input line 435.
(pdftex.def)             Requested size: 364.1953pt x 183.07793pt.

Underfull \hbox (badness 10000) in paragraph at lines 435--435

 []

[2 <./songs/Aling Baling.png>] (./lyrics/Anderson's Coast.tex
Underfull \hbox (badness 10000) in paragraph at lines 10--10

 []

) [3 <./songs/Anderson's Coast.png>] [4]
<songs/"Bold Sir Rylas".png, id=25, 540.8205pt x 217.2918pt>
File: songs/"Bold Sir Rylas".png Graphic file (type png)

<use songs/"Bold Sir Rylas".png>
Package pdftex.def Info: songs/"Bold Sir Rylas".png used on input line 439.
(pdftex.def)             Requested size: 364.1953pt x 146.32742pt.

Underfull \hbox (badness 10000) in paragraph at lines 439--439

 []

(./lyrics/Bold Sir Rylas.tex
Underfull \hbox (badness 10000) in paragraph at lines 9--9

 []

Missing character: There is no ‚ in font cmr10!
Missing character: There is no Ä in font cmr10!
Missing character: There is no ú in font cmr10!
Missing character: There is no ‚ in font cmr10!
Missing character: There is no Ä in font cmr10!
Missing character: There is no ù in font cmr10!
Missing character: There is no ‚ in font cmr10!
Missing character: There is no Ä in font cmr10!
Missing character: There is no ú in font cmr10!
Missing character: There is no ‚ in font cmr10!
Missing character: There is no Ä in font cmr10!
Missing character: There is no ù in font cmr10!
[5 <./songs/Bold Sir Rylas.png>]
Missing character: There is no ‚ in font cmr10!
Missing character: There is no Ä in font cmr10!
Missing character: There is no ú in font cmr10!
Missing character: There is no ‚ in font cmr10!
Missing character: There is no Ä in font cmr10!
Missing character: There is no ù in font cmr10!
Missing character: There is no ‚ in font cmr10!
Missing character: There is no Ä in font cmr10!
Missing character: There is no ú in font cmr10!
Missing character: There is no ‚ in font cmr10!
Missing character: There is no Ä in font cmr10!
Missing character: There is no ù in font cmr10!
) [6]
<songs/"Dundee Doag".png, id=33, 540.8205pt x 215.8464pt>
File: songs/"Dundee Doag".png Graphic file (type png)

<use songs/"Dundee Doag".png>
Package pdftex.def Info: songs/"Dundee Doag".png used on input line 443.
(pdftex.def)             Requested size: 364.1953pt x 145.35408pt.

Underfull \hbox (badness 10000) in paragraph at lines 443--443

 []

(./lyrics/Dundee Doag.tex
Underfull \hbox (badness 10000) in paragraph at lines 8--8

 []

[7 <./songs/Dundee Doag.png>]) [8]
<songs/"Farewell to Nova Scotia".png, id=42, 543.4704pt x 103.8279pt>
File: songs/"Farewell to Nova Scotia".png Graphic file (type png)

<use songs/"Farewell to Nova Scotia".png>
Package pdftex.def Info: songs/"Farewell to Nova Scotia".png used on input line
 447.
(pdftex.def)             Requested size: 364.1953pt x 69.577pt.

Underfull \hbox (badness 10000) in paragraph at lines 447--447

 []

(./lyrics/Farewell to Nova Scotia.tex
Underfull \hbox (badness 10000) in paragraph at lines 4--4

 []

) [9 <./songs/Farewell to Nova Scotia.png>]
<songs/"Fuck EUSA".png, id=47, 540.8205pt x 269.5671pt>
File: songs/"Fuck EUSA".png Graphic file (type png)

<use songs/"Fuck EUSA".png>
Package pdftex.def Info: songs/"Fuck EUSA".png used on input line 451.
(pdftex.def)             Requested size: 364.1953pt x 181.53038pt.

Underfull \hbox (badness 10000) in paragraph at lines 451--451

 []

(./lyrics/Fuck EUSA.tex
Missing character: There is no ‚ in font cmr10!
Missing character: There is no Ä in font cmr10!
Missing character: There is no ô in font cmr10!
Missing character: There is no ‚ in font cmr10!
Missing character: There is no Ä in font cmr10!
Missing character: There is no ô in font cmr10!
Missing character: There is no ‚ in font cmr10!
Missing character: There is no Ä in font cmr10!
Missing character: There is no ô in font cmr10!
Missing character: There is no ‚ in font cmr10!
Missing character: There is no Ä in font cmr10!
Missing character: There is no ô in font cmr10!
Missing character: There is no ‚ in font cmr10!
Missing character: There is no Ä in font cmr10!
Missing character: There is no ô in font cmr10!
Missing character: There is no ‚ in font cmr10!
Missing character: There is no Ä in font cmr10!
Missing character: There is no ô in font cmr10!
Missing character: There is no ‚ in font cmr10!
Missing character: There is no Ä in font cmr10!
Missing character: There is no ô in font cmr10!
 [10 <./songs/Fuck EUSA.png>]
Missing character: There is no ‚ in font cmr10!
Missing character: There is no Ä in font cmr10!
Missing character: There is no ô in font cmr10!
Missing character: There is no ‚ in font cmr10!
Missing character: There is no Ä in font cmr10!
Missing character: There is no ò in font cmr10!
Missing character: There is no √ in font cmr10!
Missing character: There is no ≤ in font cmr10!
Missing character: There is no √ in font cmr10!
Missing character: There is no ¨ in font cmr10!
Missing character: There is no √ in font cmr10!
Missing character: There is no ≤ in font cmr10!
Missing character: There is no ‚ in font cmr10!
Missing character: There is no Ä in font cmr10!
Missing character: There is no ô in font cmr10!
Missing character: There is no ‚ in font cmr10!
Missing character: There is no Ä in font cmr10!
Missing character: There is no ò in font cmr10!
Missing character: There is no ‚ in font cmr10!
Missing character: There is no Ä in font cmr10!
Missing character: There is no ô in font cmr10!
) [11]
<songs/"Gloomy December".png, id=55, 540.8205pt x 404.9529pt>
File: songs/"Gloomy December".png Graphic file (type png)

<use songs/"Gloomy December".png>
Package pdftex.def Info: songs/"Gloomy December".png used on input line 457.
(pdftex.def)             Requested size: 364.1953pt x 272.70114pt.

Underfull \hbox (badness 10000) in paragraph at lines 457--457

 []

(./lyrics/Gloomy December.tex) [12 <./songs/Gloomy December.png>]
<songs/"Good old mountain dew".png, id=60, 540.8205pt x 216.81pt>
File: songs/"Good old mountain dew".png Graphic file (type png)

<use songs/"Good old mountain dew".png>
Package pdftex.def Info: songs/"Good old mountain dew".png used on input line 4
60.
(pdftex.def)             Requested size: 364.1953pt x 146.00299pt.

Underfull \hbox (badness 10000) in paragraph at lines 460--460

 []

(./lyrics/Good old mountain dew.tex
Underfull \hbox (badness 10000) in paragraph at lines 9--9

 []

) [13 <./songs/Good old mountain dew.png>]
<songs/"Greenland (is a hell of a place)".png, id=66, 540.8205pt x 161.6439pt>
File: songs/"Greenland (is a hell of a place)".png Graphic file (type png)

<use songs/"Greenland (is a hell of a place)".png>
Package pdftex.def Info: songs/"Greenland (is a hell of a place)".png used on i
nput line 464.
(pdftex.def)             Requested size: 364.1953pt x 108.85333pt.

Underfull \hbox (badness 10000) in paragraph at lines 464--464

 []

(./lyrics/Greenland (is a hell of a place).tex
Underfull \hbox (badness 10000) in paragraph at lines 5--5

 []

) <songs/"Guise o' Tough".png, id=67, 540.8205pt x 166.7028pt>
File: songs/"Guise o' Tough".png Graphic file (type png)

<use songs/"Guise o' Tough".png>
Package pdftex.def Info: songs/"Guise o' Tough".png used on input line 466.
(pdftex.def)             Requested size: 364.1953pt x 112.26007pt.

Underfull \hbox (badness 10000) in paragraph at lines 466--466

 []

[14 <./songs/Greenland (is a hell of a place).png>]
(./lyrics/Guise o' Tough.tex
Underfull \hbox (badness 10000) in paragraph at lines 5--5

 []

[15 <./songs/Guise o' Tough.png>]) [16]
<songs/"Hey, ho, Nobody Home".png, id=79, 540.8205pt x 106.4778pt>
File: songs/"Hey, ho, Nobody Home".png Graphic file (type png)

<use songs/"Hey, ho, Nobody Home".png>
Package pdftex.def Info: songs/"Hey, ho, Nobody Home".png used on input line 47
4.
(pdftex.def)             Requested size: 364.1953pt x 71.70367pt.

Underfull \hbox (badness 10000) in paragraph at lines 474--474

 []

(./lyrics/Hey, ho, Nobody Home.tex) [17 <./songs/Hey, ho, Nobody Home.png>]
<songs/"If I were a Blackbird".png, id=84, 540.8205pt x 216.81pt>
File: songs/"If I were a Blackbird".png Graphic file (type png)

<use songs/"If I were a Blackbird".png>
Package pdftex.def Info: songs/"If I were a Blackbird".png used on input line 4
82.
(pdftex.def)             Requested size: 364.1953pt x 146.00299pt.

Underfull \hbox (badness 10000) in paragraph at lines 482--482

 []

(./lyrics/If I were a Blackbird.tex
Underfull \hbox (badness 10000) in paragraph at lines 4--4

 []

) [18 <./songs/If I were a Blackbird.png>]
<songs/"Little Black Pony".png, id=89, 540.8205pt x 161.6439pt>
File: songs/"Little Black Pony".png Graphic file (type png)

<use songs/"Little Black Pony".png>
Package pdftex.def Info: songs/"Little Black Pony".png used on input line 494.
(pdftex.def)             Requested size: 364.1953pt x 108.85333pt.

Underfull \hbox (badness 10000) in paragraph at lines 494--494

 []

(./lyrics/Little Black Pony.tex
Missing character: There is no ‚ in font cmr10!
Missing character: There is no Ä in font cmr10!
Missing character: There is no ô in font cmr10!
 [19 <./songs/Little Black Pony.png>]) [20]
<songs/"Midnight Feast".png, id=98, 541.0614pt x 271.9761pt>
File: songs/"Midnight Feast".png Graphic file (type png)

<use songs/"Midnight Feast".png>
Package pdftex.def Info: songs/"Midnight Feast".png used on input line 498.
(pdftex.def)             Requested size: 364.1953pt x 183.07793pt.

Underfull \hbox (badness 10000) in paragraph at lines 498--498

 []

(./lyrics/Midnight Feast.tex
Underfull \hbox (badness 10000) in paragraph at lines 10--10

 []

) [21 <./songs/Midnight Feast.png>]
<songs/"The Moose Song".png, id=103, 540.8205pt x 435.0654pt>
File: songs/"The Moose Song".png Graphic file (type png)

<use songs/"The Moose Song".png>
Package pdftex.def Info: songs/"The Moose Song".png used on input line 506.
(pdftex.def)             Requested size: 364.1953pt x 292.97932pt.

Underfull \hbox (badness 10000) in paragraph at lines 506--506

 []

(./lyrics/The Moose Song.tex
Underfull \hbox (badness 10000) in paragraph at lines 9--9

 []

[22 <./songs/The Moose Song.png>]) [23]
<songs/"Oak and Ash and Thorn".png, id=111, 540.8205pt x 106.4778pt>
File: songs/"Oak and Ash and Thorn".png Graphic file (type png)

<use songs/"Oak and Ash and Thorn".png>
Package pdftex.def Info: songs/"Oak and Ash and Thorn".png used on input line 5
18.
(pdftex.def)             Requested size: 364.1953pt x 71.70367pt.

Underfull \hbox (badness 10000) in paragraph at lines 518--518

 []

(./lyrics/Oak and Ash and Thorn.tex
Underfull \hbox (badness 10000) in paragraph at lines 9--9

 []

[24 <./songs/Oak and Ash and Thorn.png>]) [25]
<songs/"Plov".png, id=120, 540.8205pt x 159.2349pt>
File: songs/"Plov".png Graphic file (type png)
 <use songs/"Plov".png>
Package pdftex.def Info: songs/"Plov".png used on input line 522.
(pdftex.def)             Requested size: 364.1953pt x 107.23108pt.

Underfull \hbox (badness 10000) in paragraph at lines 522--522

 []

(./lyrics/Plov.tex) [26 <./songs/Plov.png>]
<songs/"Poor Ned".png, id=125, 540.8205pt x 324.7332pt>
File: songs/"Poor Ned".png Graphic file (type png)

<use songs/"Poor Ned".png>
Package pdftex.def Info: songs/"Poor Ned".png used on input line 527.
(pdftex.def)             Requested size: 364.1953pt x 218.68004pt.

Underfull \hbox (badness 10000) in paragraph at lines 527--527

 []

(./lyrics/Poor Ned.tex
Underfull \hbox (badness 10000) in paragraph at lines 5--5

 []

[27 <./songs/Poor Ned.png>]) [28]
<songs/"Prickle Eye Bush".png, id=133, 540.8205pt x 103.8279pt>
File: songs/"Prickle Eye Bush".png Graphic file (type png)

<use songs/"Prickle Eye Bush".png>
Package pdftex.def Info: songs/"Prickle Eye Bush".png used on input line 530.
(pdftex.def)             Requested size: 364.1953pt x 69.9192pt.

Underfull \hbox (badness 10000) in paragraph at lines 530--530

 []

(./lyrics/Prickle Eye Bush.tex
Underfull \hbox (badness 10000) in paragraph at lines 4--4

 []

) [29 <./songs/Prickle Eye Bush.png>] [30]
<songs/"Railway station porter".png, id=141, 540.8205pt x 437.7153pt>
File: songs/"Railway station porter".png Graphic file (type png)

<use songs/"Railway station porter".png>
Package pdftex.def Info: songs/"Railway station porter".png used on input line 
534.
(pdftex.def)             Requested size: 364.1953pt x 294.76381pt.

Underfull \hbox (badness 10000) in paragraph at lines 534--534

 []

(./lyrics/Railway station porter.tex
Underfull \hbox (badness 10000) in paragraph at lines 9--9

 []

) [31 <./songs/Railway station porter.png>] [32]
<songs/"Rattlin' Bog".png, id=150, 540.8205pt x 214.401pt>
File: songs/"Rattlin' Bog".png Graphic file (type png)

<use songs/"Rattlin' Bog".png>
Package pdftex.def Info: songs/"Rattlin' Bog".png used on input line 538.
(pdftex.def)             Requested size: 364.1953pt x 144.38072pt.

Underfull \hbox (badness 10000) in paragraph at lines 538--538

 []

(./lyrics/Rattlin' Bog.tex
Underfull \hbox (badness 10000) in paragraph at lines 4--4

 []

[33 <./songs/Rattlin' Bog.png>]) [34]
<songs/"Rocky Top".png, id=158, 540.8205pt x 327.1422pt>
File: songs/"Rocky Top".png Graphic file (type png)

<use songs/"Rocky Top".png>
Package pdftex.def Info: songs/"Rocky Top".png used on input line 543.
(pdftex.def)             Requested size: 364.1953pt x 220.30228pt.

Underfull \hbox (badness 10000) in paragraph at lines 543--543

 []

(./lyrics/Rocky Top.tex
Underfull \hbox (badness 10000) in paragraph at lines 14--14

 []

[35 <./songs/Rocky Top.png>]) [36]
<songs/"Shady Grove".png, id=166, 540.8205pt x 106.4778pt>
File: songs/"Shady Grove".png Graphic file (type png)

<use songs/"Shady Grove".png>
Package pdftex.def Info: songs/"Shady Grove".png used on input line 546.
(pdftex.def)             Requested size: 364.1953pt x 71.70367pt.

Underfull \hbox (badness 10000) in paragraph at lines 546--546

 []

(./lyrics/Shady Grove.tex
Underfull \hbox (badness 10000) in paragraph at lines 4--4

 []

) [37 <./songs/Shady Grove.png>]
<songs/"The Sly Bold Rambler".png, id=172, 540.8205pt x 215.8464pt>
File: songs/"The Sly Bold Rambler".png Graphic file (type png)

<use songs/"The Sly Bold Rambler".png>
Package pdftex.def Info: songs/"The Sly Bold Rambler".png used on input line 55
1.
(pdftex.def)             Requested size: 364.1953pt x 145.35408pt.

Underfull \hbox (badness 10000) in paragraph at lines 551--551

 []

(./lyrics/The Sly Bold Rambler.tex
Missing character: There is no ‚ in font cmr10!
Missing character: There is no Ä in font cmr10!
Missing character: There is no ò in font cmr10!

Underfull \hbox (badness 10000) in paragraph at lines 10--10

 []

Missing character: There is no ‚ in font cmr10!
Missing character: There is no Ä in font cmr10!
Missing character: There is no ô in font cmr10!
Missing character: There is no ‚ in font cmr10!
Missing character: There is no Ä in font cmr10!
Missing character: There is no ô in font cmr10!
[38 <./songs/The Sly Bold Rambler.png>]
Missing character: There is no ‚ in font cmr10!
Missing character: There is no Ä in font cmr10!
Missing character: There is no ô in font cmr10!
Missing character: There is no ‚ in font cmr10!
Missing character: There is no Ä in font cmr10!
Missing character: There is no ô in font cmr10!
Missing character: There is no √ in font cmr10!
Missing character: There is no ™ in font cmr10!
Missing character: There is no ‚ in font cmr10!
Missing character: There is no Ä in font cmr10!
Missing character: There is no ô in font cmr10!
Missing character: There is no ‚ in font cmr10!
Missing character: There is no Ä in font cmr10!
Missing character: There is no ô in font cmr10!
) [39] [40]
<songs/"Swedish Beauty Contest".png, id=183, 540.8205pt x 112.5003pt>
File: songs/"Swedish Beauty Contest".png Graphic file (type png)

<use songs/"Swedish Beauty Contest".png>
Package pdftex.def Info: songs/"Swedish Beauty Contest".png used on input line 
554.
(pdftex.def)             Requested size: 364.1953pt x 75.75932pt.

Underfull \hbox (badness 10000) in paragraph at lines 554--554

 []

(./lyrics/Swedish Beauty Contest.tex) [41 <./songs/Swedish Beauty Contest.png>]
<songs/"Tattie jock".png, id=188, 540.8205pt x 161.6439pt>
File: songs/"Tattie jock".png Graphic file (type png)

<use songs/"Tattie jock".png>
Package pdftex.def Info: songs/"Tattie jock".png used on input line 558.
(pdftex.def)             Requested size: 364.1953pt x 108.85333pt.

Underfull \hbox (badness 10000) in paragraph at lines 558--558

 []

(./lyrics/Tattie jock.tex
Underfull \hbox (badness 10000) in paragraph at lines 9--9

 []

[42 <./songs/Tattie jock.png>]) [43]
<songs/"The Last Shanty".png, id=197, 540.8205pt x 269.5671pt>
File: songs/"The Last Shanty".png Graphic file (type png)

<use songs/"The Last Shanty".png>
Package pdftex.def Info: songs/"The Last Shanty".png used on input line 563.
(pdftex.def)             Requested size: 364.1953pt x 181.53038pt.

Underfull \hbox (badness 10000) in paragraph at lines 563--563

 []

(./lyrics/The Last Shanty.tex
Underfull \hbox (badness 10000) in paragraph at lines 9--9

 []

) [44 <./songs/The Last Shanty.png>] [45]
<songs/"The Twelve Folk Days of Christmas".png, id=205, 540.8205pt x 161.6439pt
>
File: songs/"The Twelve Folk Days of Christmas".png Graphic file (type png)
 <use songs/"The Twelve Folk Days of Christmas".png>
Package pdftex.def Info: songs/"The Twelve Folk Days of Christmas".png used on 
input line 568.
(pdftex.def)             Requested size: 364.1953pt x 108.85333pt.

Underfull \hbox (badness 10000) in paragraph at lines 568--568

 []

(./lyrics/The Twelve Folk Days of Christmas.tex [46 <./songs/The Twelve Folk Da
ys of Christmas.png>]) [47]
<songs/"Ushag Veg Ruy".png, id=213, 540.8205pt x 106.4778pt>
File: songs/"Ushag Veg Ruy".png Graphic file (type png)

<use songs/"Ushag Veg Ruy".png>
Package pdftex.def Info: songs/"Ushag Veg Ruy".png used on input line 572.
(pdftex.def)             Requested size: 364.1953pt x 71.70367pt.

Underfull \hbox (badness 10000) in paragraph at lines 572--572

 []

(./lyrics/Ushag Veg Ruy.tex
Underfull \hbox (badness 10000) in paragraph at lines 4--4

 []


Underfull \hbox (badness 10000) in paragraph at lines 31--31

 []

[48 <./songs/Ushag Veg Ruy.png>]) [49] (./tunebook.aux) ) 
Here is how much of TeX's memory you used:
 10060 strings out of 493013
 189896 string characters out of 6136994
 222174 words of memory out of 5000000
 13473 multiletter control sequences out of 15000+600000
 6516 words of font info for 24 fonts, out of 8000000 for 9000
 1141 hyphenation exceptions out of 8191
 39i,6n,30p,10483b,275s stack positions out of 5000i,500n,10000p,200000b,80000s
<c:/texlive/2016/texmf
-dist/fonts/type1/public/amsfonts/cm/cmbx10.pfb><c:/texlive/2016/texmf-dist/fon
ts/type1/public/amsfonts/cm/cmbx12.pfb><c:/texlive/2016/texmf-dist/fonts/type1/
public/amsfonts/cm/cmr10.pfb><c:/texlive/2016/texmf-dist/fonts/type1/public/ams
fonts/cm/cmr9.pfb><c:/texlive/2016/texmf-dist/fonts/type1/public/amsfonts/cm/cm
ti10.pfb>
Output written on tunebook.pdf (49 pages, 2759644 bytes).
PDF statistics:
 243 PDF objects out of 1000 (max. 8388607)
 127 compressed objects within 2 object streams
 0 named destinations out of 1000 (max. 500000)
 146 words of extra memory for PDF output out of 10000 (max. 10000000)

