\BOOKMARK [0][-]{chapter*.1}{Jigs}{}% 1
\BOOKMARK [1][-]{section*.2}{Agent Craig}{chapter*.1}% 2
\BOOKMARK [1][-]{section*.3}{Banish Misfortune}{chapter*.1}% 3
\BOOKMARK [1][-]{section*.4}{The Banshee's Wail Over The Mangle Pit}{chapter*.1}% 4
\BOOKMARK [1][-]{section*.5}{Blackberry Festival Footrace}{chapter*.1}% 5
\BOOKMARK [1][-]{section*.6}{Car y Phoosee}{chapter*.1}% 6
\BOOKMARK [1][-]{section*.7}{Carol Gibson's Patter}{chapter*.1}% 7
\BOOKMARK [1][-]{section*.8}{Cavers of Kirkcudbright}{chapter*.1}% 8
\BOOKMARK [1][-]{section*.9}{Crossing Warness}{chapter*.1}% 9
\BOOKMARK [1][-]{section*.10}{The Dusty Windowsill}{chapter*.1}% 10
\BOOKMARK [1][-]{section*.11}{The Famous Baravan}{chapter*.1}% 11
\BOOKMARK [1][-]{section*.12}{Fifty Pounds Cashback}{chapter*.1}% 12
\BOOKMARK [1][-]{section*.13}{For Reals}{chapter*.1}% 13
\BOOKMARK [1][-]{section*.14}{Fox in the Flour}{chapter*.1}% 14
\BOOKMARK [1][-]{section*.15}{Gyn Ennym}{chapter*.1}% 15
\BOOKMARK [1][-]{section*.16}{Leslie's March}{chapter*.1}% 16
\BOOKMARK [1][-]{section*.17}{Lisnagun Jig}{chapter*.1}% 17
\BOOKMARK [1][-]{section*.18}{Jig o' Beer}{chapter*.1}% 18
\BOOKMARK [1][-]{section*.19}{Jig of Mass Destruction}{chapter*.1}% 19
\BOOKMARK [1][-]{section*.20}{Jiggery Pokerwork}{chapter*.1}% 20
\BOOKMARK [1][-]{section*.21}{Jump at the Sun}{chapter*.1}% 21
\BOOKMARK [1][-]{section*.22}{Maureen's Jig}{chapter*.1}% 22
\BOOKMARK [1][-]{section*.23}{Mouse in the Kitchen}{chapter*.1}% 23
\BOOKMARK [1][-]{section*.24}{The Mystery Inch}{chapter*.1}% 24
\BOOKMARK [1][-]{section*.25}{Norrie's Carry-out}{chapter*.1}% 25
\BOOKMARK [1][-]{section*.26}{One Pint Down}{chapter*.1}% 26
\BOOKMARK [1][-]{section*.27}{The Poetic Milkman}{chapter*.1}% 27
\BOOKMARK [1][-]{section*.28}{The Sailor's Wife}{chapter*.1}% 28
\BOOKMARK [1][-]{section*.29}{The Soup Dragon}{chapter*.1}% 29
\BOOKMARK [1][-]{section*.30}{Three Little Boats}{chapter*.1}% 30
\BOOKMARK [1][-]{section*.31}{Toast}{chapter*.1}% 31
\BOOKMARK [1][-]{section*.32}{Together Again}{chapter*.1}% 32
\BOOKMARK [1][-]{section*.33}{Victoria's Jig}{chapter*.1}% 33
\BOOKMARK [1][-]{section*.34}{Zakynthos Jig}{chapter*.1}% 34
\BOOKMARK [0][-]{section*.34}{Slip Jigs}{}% 35
\BOOKMARK [1][-]{section*.35}{Hats Off to Dodd}{section*.34}% 36
\BOOKMARK [1][-]{section*.36}{The Grinder}{section*.34}% 37
\BOOKMARK [1][-]{section*.37}{Paddy be Easy}{section*.34}% 38
\BOOKMARK [1][-]{section*.38}{The Witch Island}{section*.34}% 39
\BOOKMARK [0][-]{section*.38}{Reels}{}% 40
\BOOKMARK [1][-]{section*.39}{Baby Broon}{section*.38}% 41
\BOOKMARK [1][-]{section*.40}{Ben C Niven}{section*.38}% 42
\BOOKMARK [1][-]{section*.41}{Bulgarian Red}{section*.38}% 43
\BOOKMARK [1][-]{section*.42}{Calgary Fiddlers' Welcome to Shetland}{section*.38}% 44
\BOOKMARK [1][-]{section*.43}{Clueless}{section*.38}% 45
\BOOKMARK [1][-]{section*.44}{The Dirty Bee}{section*.38}% 46
\BOOKMARK [1][-]{section*.45}{Dot the Dragon's Eyes}{section*.38}% 47
\BOOKMARK [1][-]{section*.46}{Drowsy Maggie}{section*.38}% 48
\BOOKMARK [1][-]{section*.47}{Edinburgh Rock}{section*.38}% 49
\BOOKMARK [1][-]{section*.48}{High Drive}{section*.38}% 50
\BOOKMARK [1][-]{section*.49}{Homage \340 Edmond Parizeau}{section*.38}% 51
\BOOKMARK [1][-]{section*.50}{Hull's Reel}{section*.38}% 52
\BOOKMARK [1][-]{section*.51}{Hurlock's Reel}{section*.38}% 53
\BOOKMARK [1][-]{section*.52}{Kitchen Criminal}{section*.38}% 54
\BOOKMARK [1][-]{section*.53}{Kitchen Girl}{section*.38}% 55
\BOOKMARK [1][-]{section*.54}{The Knockard Elf}{section*.38}% 56
\BOOKMARK [1][-]{section*.55}{Leila's Birthday}{section*.38}% 57
\BOOKMARK [1][-]{section*.56}{Lexy MacAskill's}{section*.38}% 58
\BOOKMARK [1][-]{section*.57}{Maggie's Pancakes}{section*.38}% 59
\BOOKMARK [1][-]{section*.58}{The Magic Fiddle}{section*.38}% 60
\BOOKMARK [1][-]{section*.59}{Maverick Angels}{section*.38}% 61
\BOOKMARK [1][-]{section*.60}{Miss Shepherd}{section*.38}% 62
\BOOKMARK [1][-]{section*.61}{Miss Susan Cooper}{section*.38}% 63
\BOOKMARK [1][-]{section*.62}{Pressed for Time}{section*.38}% 64
\BOOKMARK [1][-]{section*.63}{Pumpkin's Fancy}{section*.38}% 65
\BOOKMARK [1][-]{section*.64}{Ramnee Ceilidh}{section*.38}% 66
\BOOKMARK [1][-]{section*.65}{The Red Haired Boy}{section*.38}% 67
\BOOKMARK [1][-]{section*.66}{Salty Boys}{section*.38}% 68
\BOOKMARK [1][-]{section*.67}{Sinfully Delicious}{section*.38}% 69
\BOOKMARK [1][-]{section*.68}{Smelling Fresh}{section*.38}% 70
\BOOKMARK [1][-]{section*.69}{Staten Island}{section*.38}% 71
\BOOKMARK [1][-]{section*.70}{Superfly}{section*.38}% 72
\BOOKMARK [1][-]{section*.71}{Taybank Shenanigans}{section*.38}% 73
\BOOKMARK [1][-]{section*.72}{The Trip to Herv\351's}{section*.38}% 74
\BOOKMARK [1][-]{section*.73}{The Trip to the Market}{section*.38}% 75
\BOOKMARK [1][-]{section*.74}{Trondheimsfjorden}{section*.38}% 76
\BOOKMARK [1][-]{section*.75}{Wolf in the Whiskey}{section*.38}% 77
\BOOKMARK [0][-]{section*.75}{Polkas}{}% 78
\BOOKMARK [1][-]{section*.76}{Ballydesmond}{section*.75}% 79
\BOOKMARK [1][-]{section*.77}{Belgian}{section*.75}% 80
\BOOKMARK [1][-]{section*.78}{Denis Murphy's}{section*.75}% 81
\BOOKMARK [1][-]{section*.79}{Egan's}{section*.75}% 82
\BOOKMARK [1][-]{section*.80}{Finskapolka}{section*.75}% 83
\BOOKMARK [1][-]{section*.81}{For the Young}{section*.75}% 84
\BOOKMARK [1][-]{section*.82}{G\344rdebyl\345ten}{section*.75}% 85
\BOOKMARK [1][-]{section*.83}{John Ryan's}{section*.75}% 86
\BOOKMARK [1][-]{section*.84}{Mina Olen Mees}{section*.75}% 87
\BOOKMARK [1][-]{section*.85}{No Fixed Abode}{section*.75}% 88
\BOOKMARK [1][-]{section*.86}{The Tolka Polka}{section*.75}% 89
\BOOKMARK [1][-]{section*.87}{The Vatersay Ambulance}{section*.75}% 90
\BOOKMARK [1][-]{section*.88}{Wiggen}{section*.75}% 91
\BOOKMARK [0][-]{section*.88}{Polskas}{}% 92
\BOOKMARK [1][-]{section*.89}{Backman's L\345t}{section*.88}% 93
\BOOKMARK [1][-]{section*.90}{Ek Lunda}{section*.88}% 94
\BOOKMARK [1][-]{section*.91}{Fantomenland}{section*.88}% 95
\BOOKMARK [1][-]{section*.92}{Festen}{section*.88}% 96
\BOOKMARK [1][-]{section*.93}{Glal\345ten}{section*.88}% 97
\BOOKMARK [1][-]{section*.94}{Hellulaulu Polska}{section*.88}% 98
\BOOKMARK [1][-]{section*.95}{Hullu Sakari}{section*.88}% 99
\BOOKMARK [1][-]{section*.96}{Juringius Polska}{section*.88}% 100
\BOOKMARK [1][-]{section*.97}{Nystr\366m's Polska}{section*.88}% 101
\BOOKMARK [1][-]{section*.98}{Polska Efter Carl-Erik Berndt}{section*.88}% 102
\BOOKMARK [1][-]{section*.99}{Polska Fr\345n M\366rk\366}{section*.88}% 103
\BOOKMARK [1][-]{section*.100}{Signepolskan}{section*.88}% 104
\BOOKMARK [1][-]{section*.101}{Sl\344ngpolska efter Byss-Kalle}{section*.88}% 105
\BOOKMARK [1][-]{section*.102}{The Vankarin}{section*.88}% 106
\BOOKMARK [1][-]{section*.103}{Vinden}{section*.88}% 107
\BOOKMARK [0][-]{section*.103}{Slow Airs + Waltzes}{}% 108
\BOOKMARK [1][-]{section*.104}{Da Auld Resting Chair}{section*.103}% 109
\BOOKMARK [1][-]{section*.105}{Chasing Daylight}{section*.103}% 110
\BOOKMARK [1][-]{section*.106}{Easter Island}{section*.103}% 111
\BOOKMARK [1][-]{section*.107}{Farewell to Uist}{section*.103}% 112
\BOOKMARK [1][-]{section*.108}{Farley Bridge}{section*.103}% 113
\BOOKMARK [1][-]{section*.109}{Flatwater Fran}{section*.103}% 114
\BOOKMARK [1][-]{section*.110}{Gillian's Waltz}{section*.103}% 115
\BOOKMARK [1][-]{section*.111}{Da Greenland Man's Tune}{section*.103}% 116
\BOOKMARK [1][-]{section*.112}{The Lounge Bar}{section*.103}% 117
\BOOKMARK [1][-]{section*.113}{Maggie West's}{section*.103}% 118
\BOOKMARK [1][-]{section*.114}{Mangersta Beach}{section*.103}% 119
\BOOKMARK [1][-]{section*.115}{Miss Rowan Davis}{section*.103}% 120
\BOOKMARK [1][-]{section*.116}{Kirree fo Niaghtey}{section*.103}% 121
\BOOKMARK [1][-]{section*.117}{Stronsay Waltz}{section*.103}% 122
\BOOKMARK [1][-]{section*.118}{Vals Efter Lasse i Lyby}{section*.103}% 123
\BOOKMARK [0][-]{section*.118}{Strathspeys}{}% 124
\BOOKMARK [1][-]{section*.119}{Ben Williams of Tiree}{section*.118}% 125
\BOOKMARK [1][-]{section*.120}{Calum's Road}{section*.118}% 126
\BOOKMARK [1][-]{section*.121}{The Hut on Staffin Island}{section*.118}% 127
\BOOKMARK [0][-]{section*.121}{The Rest}{}% 128
\BOOKMARK [1][-]{section*.122}{Bear Dance}{section*.121}% 129
\BOOKMARK [1][-]{section*.123}{Ethnica}{section*.121}% 130
\BOOKMARK [1][-]{section*.124}{The Lochaber Badger}{section*.121}% 131
\BOOKMARK [1][-]{section*.125}{Mazurka dans les Petites Fleurs}{section*.121}% 132
\BOOKMARK [1][-]{section*.126}{Mylecharaine's March}{section*.121}% 133
\BOOKMARK [1][-]{section*.127}{Rackenitza}{section*.121}% 134
\BOOKMARK [1][-]{section*.128}{Roddare i B\344rs\344rk}{section*.121}% 135
\BOOKMARK [1][-]{section*.129}{Rose of Raby}{section*.121}% 136
\BOOKMARK [0][-]{section*.129}{Songs}{}% 137
\BOOKMARK [1][-]{section*.130}{\304ling B\344ling}{section*.129}% 138
\BOOKMARK [1][-]{section*.131}{Anderson's Coast}{section*.129}% 139
\BOOKMARK [1][-]{section*.132}{The Ballad of the Orphir Taxi}{section*.129}% 140
\BOOKMARK [1][-]{section*.133}{Bold Sir Rylas}{section*.129}% 141
\BOOKMARK [1][-]{section*.134}{Captain Ward}{section*.129}% 142
\BOOKMARK [1][-]{section*.135}{Dundee Doag}{section*.129}% 143
\BOOKMARK [1][-]{section*.136}{Farewell to Nova Scotia}{section*.129}% 144
\BOOKMARK [1][-]{section*.137}{Fuck EUSA}{section*.129}% 145
\BOOKMARK [1][-]{section*.138}{The Georgemas Junction Blues}{section*.129}% 146
\BOOKMARK [1][-]{section*.139}{Gloomy December}{section*.129}% 147
\BOOKMARK [1][-]{section*.140}{Greenland \(is a hell of a place\)}{section*.129}% 148
\BOOKMARK [1][-]{section*.141}{Good Old Mountain Dew}{section*.129}% 149
\BOOKMARK [1][-]{section*.142}{Guise o' Tough}{section*.129}% 150
\BOOKMARK [1][-]{section*.143}{Hang Me, Oh Hang Me}{section*.129}% 151
\BOOKMARK [1][-]{section*.144}{Hanging Johnny}{section*.129}% 152
\BOOKMARK [1][-]{section*.145}{Hey, Ho, Nobody Home}{section*.129}% 153
\BOOKMARK [1][-]{section*.146}{If I were a Blackbird}{section*.129}% 154
\BOOKMARK [1][-]{section*.147}{John Ball}{section*.129}% 155
\BOOKMARK [1][-]{section*.148}{Keep Your Feet Still Geordey Hinny}{section*.129}% 156
\BOOKMARK [1][-]{section*.149}{The Last Shanty}{section*.129}% 157
\BOOKMARK [1][-]{section*.150}{Little Black Pony}{section*.129}% 158
\BOOKMARK [1][-]{section*.151}{Midnight Feast}{section*.129}% 159
\BOOKMARK [1][-]{section*.152}{Midnight Meat Party}{section*.129}% 160
\BOOKMARK [1][-]{section*.153}{The Moose Song}{section*.129}% 161
\BOOKMARK [1][-]{section*.154}{Noah's Ark Shanty}{section*.129}% 162
\BOOKMARK [1][-]{section*.155}{Norlan' Wind}{section*.129}% 163
\BOOKMARK [1][-]{section*.156}{Plov}{section*.129}% 164
\BOOKMARK [1][-]{section*.157}{Oak and Ash and Thorn}{section*.129}% 165
\BOOKMARK [1][-]{section*.158}{Poor Ned}{section*.129}% 166
\BOOKMARK [1][-]{section*.159}{Prickle Eye Bush}{section*.129}% 167
\BOOKMARK [1][-]{section*.160}{Railway Station Porter}{section*.129}% 168
\BOOKMARK [1][-]{section*.161}{Rattlin' Bog}{section*.129}% 169
\BOOKMARK [1][-]{section*.162}{Shady Grove}{section*.129}% 170
\BOOKMARK [1][-]{section*.163}{The Sly Bold Rambler}{section*.129}% 171
\BOOKMARK [1][-]{section*.164}{Swedish Beauty Contest}{section*.129}% 172
\BOOKMARK [1][-]{section*.165}{Tattie Jock}{section*.129}% 173
\BOOKMARK [1][-]{section*.166}{The Twelve Folk Days of Christmas}{section*.129}% 174
\BOOKMARK [1][-]{section*.167}{Ushag Veg Ruy}{section*.129}% 175
\BOOKMARK [1][-]{section*.168}{Weetabix and Cheese}{section*.129}% 176
\BOOKMARK [1][-]{section*.169}{Wild Mountain Thyme}{section*.129}% 177
\BOOKMARK [1][-]{section*.170}{Working on a Building}{section*.129}% 178
